{"/home/bdavenport/codeFellows/401/auth-api/models/index.js": {"path":"/home/bdavenport/codeFellows/401/auth-api/models/index.js","statementMap":{"0":{"start":{"line":3,"column":13},"end":{"line":3,"column":31}},"1":{"start":{"line":4,"column":13},"end":{"line":4,"column":30}},"2":{"start":{"line":6,"column":0},"end":{"line":6,"column":65}},"3":{"start":{"line":8,"column":10},"end":{"line":8,"column":29}},"4":{"start":{"line":10,"column":14},"end":{"line":10,"column":32}},"5":{"start":{"line":11,"column":14},"end":{"line":11,"column":36}},"6":{"start":{"line":13,"column":0},"end":{"line":13,"column":26}},"7":{"start":{"line":14,"column":0},"end":{"line":14,"column":34}},"8":{"start":{"line":15,"column":0},"end":{"line":15,"column":34}},"9":{"start":{"line":17,"column":0},"end":{"line":17,"column":64}},"10":{"start":{"line":19,"column":16},"end":{"line":19,"column":24}},"11":{"start":{"line":20,"column":18},"end":{"line":20,"column":19}},"12":{"start":{"line":23,"column":19},"end":{"line":23,"column":58}},"13":{"start":{"line":24,"column":19},"end":{"line":24,"column":81}},"14":{"start":{"line":25,"column":19},"end":{"line":25,"column":61}},"15":{"start":{"line":26,"column":2},"end":{"line":26,"column":42}},"16":{"start":{"line":29,"column":0},"end":{"line":29,"column":32}}},"fnMap":{"0":{"name":"encrypt","decl":{"start":{"line":22,"column":15},"end":{"line":22,"column":22}},"loc":{"start":{"line":22,"column":45},"end":{"line":27,"column":1}},"line":22}},"branchMap":{},"s":{"0":1,"1":1,"2":1,"3":1,"4":1,"5":1,"6":1,"7":1,"8":1,"9":1,"10":1,"11":1,"12":1,"13":0,"14":0,"15":0,"16":1},"f":{"0":1},"b":{},"_coverageSchema":"1a1c01bbd47fc00a2c39e90264f33305004495a9","hash":"c0382c73b5d25fb8a2bc72b174340e3c7a2506c7"}
}
