{"/home/bdavenport/codeFellows/401/auth-api/models/index.js": {"path":"/home/bdavenport/codeFellows/401/auth-api/models/index.js","statementMap":{"0":{"start":{"line":3,"column":22},"end":{"line":3,"column":42}},"1":{"start":{"line":4,"column":0},"end":{"line":4,"column":27}},"2":{"start":{"line":6,"column":21},"end":{"line":8,"column":47}},"3":{"start":{"line":10,"column":18},"end":{"line":17,"column":2}},"4":{"start":{"line":19,"column":0},"end":{"line":21,"column":2}}},"fnMap":{},"branchMap":{"0":{"loc":{"start":{"line":6,"column":21},"end":{"line":8,"column":47}},"type":"cond-expr","locations":[{"start":{"line":7,"column":4},"end":{"line":7,"column":20}},{"start":{"line":8,"column":4},"end":{"line":8,"column":47}}],"line":6},"1":{"loc":{"start":{"line":8,"column":4},"end":{"line":8,"column":47}},"type":"binary-expr","locations":[{"start":{"line":8,"column":4},"end":{"line":8,"column":28}},{"start":{"line":8,"column":32},"end":{"line":8,"column":47}}],"line":8}},"s":{"0":4,"1":4,"2":4,"3":4,"4":4},"f":{},"b":{"0":[4,0],"1":[0,0]},"_coverageSchema":"1a1c01bbd47fc00a2c39e90264f33305004495a9","hash":"bab742bc0ac40762a5971811caee0c6a932792a0"}
}
